<?xml version="1.0" encoding="UTF-8"?>
<testng-results ignored="0" total="2" passed="2" failed="0" skipped="0">
  <reporter-output>
  </reporter-output>
  <suite started-at="2024-11-16T04:14:30 GMT-06:00" name="Suite" finished-at="2024-11-16T04:14:55 GMT-06:00" duration-ms="25408">
    <groups>
      <group name="reg">
        <method signature="BaseClass.verifyRegister1()[pri:0, instance:tests.BaseClass@3911c2a7]" name="verifyRegister1" class="tests.BaseClass"/>
      </group> <!-- reg -->
      <group name="sanity">
        <method signature="BaseClass.verifyRegister()[pri:0, instance:tests.BaseClass@3911c2a7]" name="verifyRegister" class="tests.BaseClass"/>
      </group> <!-- sanity -->
    </groups>
    <test started-at="2024-11-16T04:14:30 GMT-06:00" name="Test_1" finished-at="2024-11-16T04:14:55 GMT-06:00" duration-ms="25408">
      <class name="tests.BaseClass">
        <test-method signature="verifyRegister()[pri:0, instance:tests.BaseClass@3911c2a7]" started-at="2024-11-16T04:14:30 GMT-06:00" name="verifyRegister" finished-at="2024-11-16T04:14:45 GMT-06:00" duration-ms="14516" status="PASS">
          <reporter-output>
          </reporter-output>
        </test-method> <!-- verifyRegister -->
        <test-method signature="verifyRegister1()[pri:0, instance:tests.BaseClass@3911c2a7]" started-at="2024-11-16T04:14:45 GMT-06:00" name="verifyRegister1" finished-at="2024-11-16T04:14:55 GMT-06:00" duration-ms="10828" status="PASS">
          <reporter-output>
          </reporter-output>
        </test-method> <!-- verifyRegister1 -->
      </class> <!-- tests.BaseClass -->
    </test> <!-- Test_1 -->
  </suite> <!-- Suite -->
</testng-results>
