<?xml version="1.0" encoding="UTF-8"?>
<testng-results ignored="0" total="2" passed="2" failed="0" skipped="0">
  <reporter-output>
  </reporter-output>
  <suite started-at="2024-11-16T01:37:45 GMT-06:00" name="Suite" finished-at="2024-11-16T01:37:58 GMT-06:00" duration-ms="13084">
    <groups>
      <group name="reg">
        <method signature="BaseClass.verifyRegister1()[pri:0, instance:tests.BaseClass@7b36aa0c]" name="verifyRegister1" class="tests.BaseClass"/>
      </group> <!-- reg -->
      <group name="sanity">
        <method signature="BaseClass.verifyRegister()[pri:0, instance:tests.BaseClass@7b36aa0c]" name="verifyRegister" class="tests.BaseClass"/>
      </group> <!-- sanity -->
    </groups>
    <test started-at="2024-11-16T01:37:45 GMT-06:00" name="Test" finished-at="2024-11-16T01:37:58 GMT-06:00" duration-ms="13084">
      <class name="tests.BaseClass">
        <test-method signature="verifyRegister()[pri:0, instance:tests.BaseClass@7b36aa0c]" started-at="2024-11-16T01:37:45 GMT-06:00" name="verifyRegister" finished-at="2024-11-16T01:37:53 GMT-06:00" duration-ms="7563" status="PASS">
          <reporter-output>
          </reporter-output>
        </test-method> <!-- verifyRegister -->
        <test-method signature="verifyRegister1()[pri:0, instance:tests.BaseClass@7b36aa0c]" started-at="2024-11-16T01:37:53 GMT-06:00" name="verifyRegister1" finished-at="2024-11-16T01:37:58 GMT-06:00" duration-ms="5492" status="PASS">
          <reporter-output>
          </reporter-output>
        </test-method> <!-- verifyRegister1 -->
      </class> <!-- tests.BaseClass -->
    </test> <!-- Test -->
  </suite> <!-- Suite -->
</testng-results>
